{
  "0 debug pnpm:scope": {
    "selected": 1
  },
  "1 debug pnpm:package-manifest": {
    "initial": {},
    "prefix": "C:\\Users\\Med\\AppData\\Local\\pnpm\\store\\v3\\tmp\\dlx-3368"
  },
  "2 debug pnpm:context": {
    "currentLockfileExists": false,
    "storeDir": "C:\\Users\\Med\\AppData\\Local\\pnpm\\store\\v3",
    "virtualStoreDir": "C:\\Users\\Med\\AppData\\Local\\pnpm\\store\\v3\\tmp\\dlx-3368\\node_modules\\.pnpm"
  },
  "3 debug pnpm:stage": {
    "prefix": "C:\\Users\\Med\\AppData\\Local\\pnpm\\store\\v3\\tmp\\dlx-3368",
    "stage": "resolution_started"
  },
  "4 error pnpm": {
    "code": "ERR_PNPM_SPEC_NOT_SUPPORTED_BY_ANY_RESOLVER",
    "pkgsStack": [],
    "err": {
      "name": "pnpm",
      "message": "create-nextjs/@latest isn't supported by any available resolver.",
      "code": "ERR_PNPM_SPEC_NOT_SUPPORTED_BY_ANY_RESOLVER",
      "stack": "pnpm: create-nextjs/@latest isn't supported by any available resolver.\n    at Object.resolve (C:\\Users\\Med\\AppData\\Local\\pnpm\\global\\5\\.pnpm\\pnpm@7.2.1\\node_modules\\pnpm\\dist\\pnpm.cjs:84944:17)\n    at async run (C:\\Users\\Med\\AppData\\Local\\pnpm\\global\\5\\.pnpm\\pnpm@7.2.1\\node_modules\\pnpm\\dist\\pnpm.cjs:91747:23)"
    }
  }
}